   13  git status
   15  git status
   17  git stauts
   18  sudp apt install git
   19  sudo apt install git
   20  git status
   21  git init
   22  git status
   23  git add index.html .gitignore
   24  git commit -m "Commit inicial"
   25  git status
   26  git log
   33  git remote add origin git@github.com:joelventura21/test-smx2b.git
   34  git branch -M main
   35  git push --set-upstreanm origin main
   36  git push --set-upstream origin main
   38  git status
   39  git add index.html 
   40  git commit -m "Fons en verd"
   41  git push origin main
   42  git commit -m "Fons en verd"
   43  git config --global user.email "joelventura07@gmail.com"
   44  git config --global user.name "joelventura21"
   45  git commit -m "Fons en verd"
   46  git push origin main
   48  git diff
   49  git add index.html 
   50  git commit -m "Lletra en blanc"
   51  git log
   52  git push
   58  git clone git@github.com:joelventura21/projecte-smx2b-2025-2026.git
   62  git status 
   63  git add README.md
   64  git commit -n 'Afegit Joel Ventura'
   65  git commit -n README.md 'Afegit Joel Ventura'
   66  git pull
   67  git commit -n 'Afegit Joel Ventura'
   68  git add README.md 
   69  git commit -n 'Afegit Joel Ventura'
   70  git commit -n README.md 'Afegit Joel Ventura'
   71  git commit -n "Afegit Joel Ventura"
   72  git commit -n 'Afegit Joel Ventura'
   74  git commit -n 'Joel Ventura'
   76  git status
   77  git restore README.md 
   78  git commit -n 'Joel Ventura'
   80  git commit -n 'Joel Ventura' README.md 
   81  git add README.md 
   82  git commit -m 'Joel Ventura'
   83  git status
   84  git push
   85  git pull
   86  git push
   88  git add README.md 
   89  git status
   90  git pull
   91  git status
   92  git commit -m 'Joel Ventura'
   93  git push
   94  git pull
   96  git pull
  101  git init
  105  git init
  108  git init
  111  git sync fork
  112  git push sync fork
  113  git pull sync fork
  118  git pull README.md
  119  git push README.md
  120  git pull
  122  mkdir joelventura21.github.io
  123  cd joelventura21.github.io/
  124  echo "# joelventura21.github.io" >> README.md
  125  git init
  126  git add README.md
  127  git commit -m "first commit"
  128  git branch -M main
  129  git remote add origin git@github.com:joelventura21/joelventura21.github.io.git
  130  git push -u origin main
  132  cd joelventura21.github.io/
  135  git add index.html 
  136  git commit -n "index.html"
  137  git commit -n "index"
  138  git commit -n index.html 
  139  git commit -m index.html 
  140  git push
  141  git status
  144  git pull 
  145  git pull
  146  git push
  147  git pull
  148  git config pull.rebase false # fusionar
  149  git push
  150  git pull
  152  git push
  153  git pull
  154  git add README.md 
  155  git commit -m "fork"
  156  git push
  157  git status 
  159  git switch web 
  161  git branch -c web
  162  git branch 
  163  git switch web 
  164  git branch 
  166  git branch 
  167  git status 
  168  git branch -
  169  git branch main 
  170  git switch -
  171  git status 
  172  git pull
  173  git push
  174  git pull
  175  git switch web 
  176  git merge --quit
  177  git switch web 
  178  git pull
  179  git pull --all
  180  git add README.md 
  181  git add --pull
  182  git pull --all
  183  git push
  184  git pull --all
  185  git push --all
  186  git branch 
  187  git switch web 
  188  git pull
  189  git add README.md index.html
  190  git commit -m "Guardando cambios locales antes de pull"
  191  git pull
  192  git stash
  193  git pull
  194  git stash pop
  195  git reset --hard
  196  git pull
  197  git pull --rebase
  199  git push --all
  200  git pull
  201  git status 
  202  git add README.md 
  203  git pull
  204  git commit README.md 
  205  git merge --abort
  206  git add README.md 
  207  git status 
  208  git pull
  209  git status 
  210  git add README.md 
  211  git commit -a
  212  git pull
  213  git branch 
  214  git status 
  215  git push --all
  216  git pull
  217  git branch 
  218  git clone git@github.com:Inspalamos-SMX2B-2025-2026/01-git-basics-joelventura21.git
  220  cd 01-git-basics-joelventura21/
  223  git add README.md exe1.html 
  224  git commit -m "Nou exe1"
  225  git push
  228  git add exe2.html 
  229  git commit -m "Nou exe2"
  230  git push
  234  git add exe1.html exe2.html README.md 
  235  git commit -m "Using Bootstrap"
  236  git push
  238  git branch web
  239  git push -u origin web
  240  git branch
  241  git web
  242  git branch -h
  243  git switch web 
  244  git branch 
  246  git switch main 
  249  git rm exe1.html exe2.html LICENSE 
  250  git commit -m "Esborrar fitxers"
  251  git push
  252  history | grep git > git.log
